TN:
SF:app.js
FN:10,(anonymous_0)
FN:25,(anonymous_1)
FNF:2
FNH:2
FNDA:4,(anonymous_0)
FNDA:1,(anonymous_1)
DA:2,4
DA:3,4
DA:4,4
DA:5,4
DA:7,4
DA:10,4
DA:11,4
DA:12,0
DA:15,4
DA:20,4
DA:21,4
DA:22,4
DA:23,4
DA:25,4
DA:26,1
DA:29,4
LF:16
LH:15
BRDA:11,0,0,0
BRDA:11,0,1,4
BRF:2
BRH:1
end_of_record
TN:
SF:db.js
FNF:0
FNH:0
DA:1,4
DA:2,4
DA:3,4
DA:5,4
DA:12,4
LF:5
LH:5
BRF:0
BRH:0
end_of_record
TN:
SF:api/Auditorium.js
FN:8,(anonymous_0)
FN:20,(anonymous_1)
FN:37,(anonymous_2)
FN:49,(anonymous_3)
FN:118,(anonymous_4)
FN:129,(anonymous_5)
FNF:6
FNH:6
FNDA:2,(anonymous_0)
FNDA:1,(anonymous_1)
FNDA:3,(anonymous_2)
FNDA:2,(anonymous_3)
FNDA:2,(anonymous_4)
FNDA:1,(anonymous_5)
DA:1,4
DA:2,4
DA:3,4
DA:4,4
DA:5,4
DA:8,4
DA:10,2
DA:11,2
DA:12,2
DA:14,2
DA:15,1
DA:20,1
DA:22,1
DA:23,0
DA:28,1
DA:37,4
DA:39,3
DA:40,3
DA:41,3
DA:43,3
DA:44,1
DA:49,2
DA:51,2
DA:52,2
DA:57,0
DA:118,4
DA:120,2
DA:121,2
DA:123,2
DA:124,1
DA:129,1
DA:130,1
DA:131,0
DA:135,1
DA:144,4
LF:35
LH:32
BRDA:14,0,0,1
BRDA:14,0,1,1
BRDA:14,1,0,2
BRDA:14,1,1,1
BRDA:14,1,2,1
BRDA:22,2,0,0
BRDA:22,2,1,1
BRDA:43,3,0,1
BRDA:43,3,1,2
BRDA:43,4,0,3
BRDA:43,4,1,2
BRDA:43,4,2,2
BRDA:51,5,0,2
BRDA:51,5,1,0
BRDA:123,6,0,1
BRDA:123,6,1,1
BRDA:130,7,0,0
BRDA:130,7,1,1
BRF:18
BRH:15
end_of_record
TN:
SF:api/Auth.js
FN:11,(anonymous_0)
FN:23,(anonymous_1)
FN:41,(anonymous_2)
FN:52,(anonymous_3)
FN:85,(anonymous_4)
FNF:5
FNH:5
FNDA:2,(anonymous_0)
FNDA:1,(anonymous_1)
FNDA:4,(anonymous_2)
FNDA:3,(anonymous_3)
FNDA:1,(anonymous_4)
DA:2,4
DA:3,4
DA:4,4
DA:5,4
DA:6,4
DA:8,4
DA:11,4
DA:12,2
DA:13,2
DA:14,2
DA:15,2
DA:16,2
DA:17,1
DA:22,1
DA:23,1
DA:25,1
DA:26,0
DA:31,1
DA:41,4
DA:43,4
DA:44,4
DA:46,4
DA:47,1
DA:52,3
DA:53,3
DA:54,0
DA:59,3
DA:60,1
DA:64,2
DA:66,2
DA:67,1
DA:68,1
DA:70,1
DA:77,1
DA:85,4
DA:86,1
DA:87,1
DA:92,4
LF:38
LH:36
BRDA:16,0,0,1
BRDA:16,0,1,1
BRDA:16,1,0,2
BRDA:16,1,1,1
BRDA:16,1,2,1
BRDA:25,2,0,0
BRDA:25,2,1,1
BRDA:46,3,0,1
BRDA:46,3,1,3
BRDA:46,4,0,4
BRDA:46,4,1,3
BRDA:53,5,0,0
BRDA:53,5,1,3
BRDA:59,6,0,1
BRDA:59,6,1,2
BRDA:66,7,0,1
BRDA:66,7,1,1
BRF:17
BRH:15
end_of_record
TN:
SF:api/Movies.js
FN:8,(anonymous_0)
FN:16,(anonymous_1)
FNF:2
FNH:2
FNDA:2,(anonymous_0)
FNDA:1,(anonymous_1)
DA:1,4
DA:2,4
DA:3,4
DA:4,4
DA:5,4
DA:8,4
DA:9,2
DA:11,2
DA:12,1
DA:16,1
DA:18,1
DA:20,0
DA:25,1
DA:33,4
LF:14
LH:13
BRDA:11,0,0,1
BRDA:11,0,1,1
BRDA:18,1,0,0
BRDA:18,1,1,1
BRF:4
BRH:3
end_of_record
TN:
SF:api/Ticket.js
FN:8,(anonymous_0)
FN:13,(anonymous_1)
FN:30,(anonymous_2)
FN:36,(anonymous_3)
FN:53,(anonymous_4)
FN:62,(anonymous_5)
FN:74,(anonymous_6)
FN:94,(anonymous_7)
FN:102,(anonymous_8)
FNF:9
FNH:6
FNDA:1,(anonymous_0)
FNDA:1,(anonymous_1)
FNDA:1,(anonymous_2)
FNDA:1,(anonymous_3)
FNDA:0,(anonymous_4)
FNDA:0,(anonymous_5)
FNDA:0,(anonymous_6)
FNDA:1,(anonymous_7)
FNDA:1,(anonymous_8)
DA:1,4
DA:2,4
DA:3,4
DA:4,4
DA:5,4
DA:8,4
DA:10,1
DA:15,1
DA:16,0
DA:21,1
DA:30,4
DA:32,1
DA:38,1
DA:39,0
DA:44,1
DA:53,4
DA:55,0
DA:56,0
DA:57,0
DA:58,0
DA:59,0
DA:61,0
DA:63,0
DA:65,0
DA:71,0
DA:73,0
DA:76,0
DA:77,0
DA:82,0
DA:94,4
DA:95,1
DA:97,1
DA:104,1
DA:105,1
DA:106,0
DA:111,1
DA:119,4
LF:37
LH:21
BRDA:15,0,0,0
BRDA:15,0,1,1
BRDA:38,1,0,0
BRDA:38,1,1,1
BRDA:63,2,0,0
BRDA:63,2,1,0
BRDA:71,3,0,0
BRDA:71,3,1,0
BRDA:76,4,0,0
BRDA:76,4,1,0
BRDA:105,5,0,0
BRDA:105,5,1,1
BRF:12
BRH:3
end_of_record
TN:
SF:middleware/Isadmin.js
FN:2,(anonymous_0)
FN:6,(anonymous_1)
FNF:2
FNH:2
FNDA:13,(anonymous_0)
FNDA:13,(anonymous_1)
DA:1,4
DA:2,4
DA:4,13
DA:5,13
DA:6,13
DA:8,13
DA:9,0
DA:10,13
DA:11,4
DA:13,9
LF:10
LH:9
BRDA:8,0,0,0
BRDA:8,0,1,13
BRDA:10,1,0,4
BRDA:10,1,1,9
BRF:4
BRH:3
end_of_record
TN:
SF:middleware/IssignedIn.js
FNF:0
FNH:0
DA:1,4
DA:2,4
DA:3,4
DA:4,4
LF:4
LH:4
BRF:0
BRH:0
end_of_record
TN:
SF:middleware/TicketStatus.js
FN:4,(anonymous_0)
FN:7,(anonymous_1)
FNF:2
FNH:2
FNDA:2,(anonymous_0)
FNDA:2,(anonymous_1)
DA:2,4
DA:4,4
DA:6,2
DA:7,2
DA:9,2
DA:10,0
DA:13,2
DA:14,0
DA:16,2
DA:17,2
DA:19,0
LF:11
LH:8
BRDA:9,0,0,0
BRDA:9,0,1,2
BRDA:13,1,0,0
BRDA:13,1,1,2
BRDA:16,2,0,2
BRDA:16,2,1,0
BRF:6
BRH:3
end_of_record
